================================================================
                AI-ASSISTED COMMIT WORKFLOW                   
================================================================
ðŸ§¹ Cleaning workspace and staging files...
âœ… Files staged successfully
ðŸ“š Updating project documentation...
âœ… Documentation updated and staged
ðŸ” Running code quality checks...
  â€¢ Black (formatting)...
 ðŸ”§
  â€¢ Ruff (linting & imports)...
 ðŸ”§
  â€¢ MyPy (type checking)...
 âŒ
MyPy errors found - continuing anyway
âœ… All quality checks passed
ðŸ¤– Generating AI commit message...
Generated: "Update project files"
Edit this message? (y/n): n
ðŸ’¾ Committing changes...
black....................................................................Failed
- hook id: black
- files were modified by this hook

reformatted test_ai_provider_selection.py
reformatted test_anthropic_api.py
reformatted test_all_providers.py
reformatted test_json_parsing.py
reformatted test_ai_providers.py

All done! âœ¨ ðŸ° âœ¨
5 files reformatted, 8 files left unchanged.

ruff.....................................................................Failed
- hook id: ruff
- exit code: 1
- files were modified by this hook

src/create_python_project/create_python_project.py:457:17: B904 Within an `except` clause, raise exceptions with `raise ... from err` or `raise ... from None` to distinguish them from errors in exception handling
    |
455 |                 logger.debug("Successfully parsed extracted JSON")
456 |             else:
457 |                 raise json.JSONDecodeError("No valid JSON found", "", 0)
    |                 ^^^^^^^^^^^^^^^^^^^^^^^^^^^^^^^^^^^^^^^^^^^^^^^^^^^^^^^^ B904
458 |
459 |         # Extract project type and information
    |

src/create_python_project/utils/project_templates.py:158:9: F841 Local variable `frontend_framework` is assigned to but never used
    |
156 |             "Backend Framework"
157 |         ) or self._extract_tech("Backend")
158 |         frontend_framework = self._extract_tech(
    |         ^^^^^^^^^^^^^^^^^^ F841
159 |             "Frontend Technology"
160 |         ) or self._extract_tech("Frontend")
    |
    = help: Remove assignment to unused variable `frontend_framework`

src/create_python_project/utils/project_templates.py:173:13: SIM116 Use a dictionary instead of consecutive `if` statements
    |
171 |           elif has_frontend and has_backend:
172 |               # Full-stack web application
173 | /             if backend_framework == "Django":
174 | |                 return "django_web"
175 | |             elif backend_framework == "Flask":
176 | |                 return "flask_web"
177 | |             elif backend_framework == "FastAPI":
178 | |                 return "fastapi_web"
179 | |             else:
180 | |                 return "web_fullstack"
    | |______________________________________^ SIM116
181 |           elif has_backend and not has_frontend:
182 |               # API-only backend
    |

src/create_python_project/utils/project_templates.py:420:1: W293 Blank line contains whitespace
    |
418 | class MainWindow(QMainWindow):
419 |     """Main application window."""
420 |     
    | ^^^^ W293
421 |     def __init__(self):
422 |         super().__init__()
    |
    = help: Remove whitespace from blank line

src/create_python_project/utils/project_templates.py:425:1: W293 Blank line contains whitespace
    |
423 |         self.setWindowTitle("{self.project_name.replace('-', ' ').replace('_', ' ').title()}")
424 |         self.setGeometry(100, 100, 800, 600)
425 |         
    | ^^^^^^^^ W293
426 |         # Create central widget and layout
427 |         central_widget = QWidget()
    |
    = help: Remove whitespace from blank line

src/create_python_project/utils/project_templates.py:430:1: W293 Blank line contains whitespace
    |
428 |         self.setCentralWidget(central_widget)
429 |         layout = QVBoxLayout(central_widget)
430 |         
    | ^^^^^^^^ W293
431 |         # Add welcome label
432 |         welcome_label = QLabel("Welcome to {self.project_name.replace('-', ' ').replace('_', ' ').title()}!")
    |
    = help: Remove whitespace from blank line

src/create_python_project/utils/project_templates.py:436:1: W293 Blank line contains whitespace
    |
434 |         welcome_label.setStyleSheet("font-size: 18px; font-weight: bold; margin: 20px;")
435 |         layout.addWidget(welcome_label)
436 |         
    | ^^^^^^^^ W293
437 |         # Add sample button
438 |         sample_button = QPushButton("Click Me!")
    |
    = help: Remove whitespace from blank line

src/create_python_project/utils/project_templates.py:441:1: W293 Blank line contains whitespace
    |
439 |         sample_button.clicked.connect(self.on_button_click)
440 |         layout.addWidget(sample_button)
441 |         
    | ^^^^^^^^ W293
442 |     def on_button_click(self):
443 |         """Handle button click event."""
    |
    = help: Remove whitespace from blank line

src/create_python_project/utils/project_templates.py:450:1: W293 Blank line contains whitespace
    |
448 |     """Main entry point."""
449 |     app = QApplication(sys.argv)
450 |     
    | ^^^^ W293
451 |     # Create and show main window
452 |     window = MainWindow()
    |
    = help: Remove whitespace from blank line

src/create_python_project/utils/project_templates.py:454:1: W293 Blank line contains whitespace
    |
452 |     window = MainWindow()
453 |     window.show()
454 |     
    | ^^^^ W293
455 |     # Start event loop
456 |     sys.exit(app.exec())
    |
    = help: Remove whitespace from blank line

src/create_python_project/utils/project_templates.py:514:1: W293 Blank line contains whitespace
    |
512 | class MainApplication:
513 |     """Main application class."""
514 |     
    | ^^^^ W293
515 |     def __init__(self, root):
516 |         self.root = root
    |
    = help: Remove whitespace from blank line

src/create_python_project/utils/project_templates.py:519:1: W293 Blank line contains whitespace
    |
517 |         self.root.title("{self.project_name.replace('-', ' ').replace('_', ' ').title()}")
518 |         self.root.geometry("800x600")
519 |         
    | ^^^^^^^^ W293
520 |         # Create main frame
521 |         main_frame = ttk.Frame(root, padding="10")
    |
    = help: Remove whitespace from blank line

src/create_python_project/utils/project_templates.py:523:1: W293 Blank line contains whitespace
    |
521 |         main_frame = ttk.Frame(root, padding="10")
522 |         main_frame.grid(row=0, column=0, sticky=(tk.W, tk.E, tk.N, tk.S))
523 |         
    | ^^^^^^^^ W293
524 |         # Configure grid weight
525 |         root.columnconfigure(0, weight=1)
    |
    = help: Remove whitespace from blank line

src/create_python_project/utils/project_templates.py:528:1: W293 Blank line contains whitespace
    |
526 |         root.rowconfigure(0, weight=1)
527 |         main_frame.columnconfigure(0, weight=1)
528 |         
    | ^^^^^^^^ W293
529 |         # Add welcome label
530 |         welcome_label = ttk.Label(
    |
    = help: Remove whitespace from blank line

src/create_python_project/utils/project_templates.py:531:24: W291 Trailing whitespace
    |
529 |         # Add welcome label
530 |         welcome_label = ttk.Label(
531 |             main_frame, 
    |                        ^ W291
532 |             text="Welcome to {self.project_name.replace('-', ' ').replace('_', ' ').title()}!",
533 |             font=("Arial", 16, "bold")
    |
    = help: Remove trailing whitespace

src/create_python_project/utils/project_templates.py:536:1: W293 Blank line contains whitespace
    |
534 |         )
535 |         welcome_label.grid(row=0, column=0, pady=20)
536 |         
    | ^^^^^^^^ W293
537 |         # Add sample button
538 |         sample_button = ttk.Button(
    |
    = help: Remove whitespace from blank line

src/create_python_project/utils/project_templates.py:544:1: W293 Blank line contains whitespace
    |
542 |         )
543 |         sample_button.grid(row=1, column=0, pady=10)
544 |         
    | ^^^^^^^^ W293
545 |     def on_button_click(self):
546 |         """Handle button click event."""
    |
    = help: Remove whitespace from blank line

src/create_python_project/utils/project_templates.py:603:1: W293 Blank line contains whitespace
    |
601 | class MainWidget(BoxLayout):
602 |     """Main application widget."""
603 |     
    | ^^^^ W293
604 |     def __init__(self, **kwargs):
605 |         super().__init__(**kwargs)
    |
    = help: Remove whitespace from blank line

src/create_python_project/utils/project_templates.py:609:1: W293 Blank line contains whitespace
    |
607 |         self.padding = 20
608 |         self.spacing = 10
609 |         
    | ^^^^^^^^ W293
610 |         # Add welcome label
611 |         welcome_label = Label(
    |
    = help: Remove whitespace from blank line

src/create_python_project/utils/project_templates.py:617:1: W293 Blank line contains whitespace
    |
615 |         )
616 |         self.add_widget(welcome_label)
617 |         
    | ^^^^^^^^ W293
618 |         # Add sample button
619 |         sample_button = Button(
    |
    = help: Remove whitespace from blank line

src/create_python_project/utils/project_templates.py:625:1: W293 Blank line contains whitespace
    |
623 |         )
624 |         self.add_widget(sample_button)
625 |         
    | ^^^^^^^^ W293
626 |     def on_button_click(self, instance):
627 |         """Handle button click event."""
    |
    = help: Remove whitespace from blank line

src/create_python_project/utils/project_templates.py:638:1: W293 Blank line contains whitespace
    |
636 | class MainApp(App):
637 |     """Main application class."""
638 |     
    | ^^^^ W293
639 |     def build(self):
640 |         return MainWidget()
    |
    = help: Remove whitespace from blank line

src/create_python_project/utils/project_templates.py:743:9: F841 Local variable `src_dir` is assigned to but never used
    |
741 |     def _create_electron_project(self) -> bool:
742 |         """Create an Electron desktop application project."""
743 |         src_dir = os.path.join(self.project_dir, "src", self.package_name)
    |         ^^^^^^^ F841
744 |
745 |         # Create Electron main process
    |
    = help: Remove assignment to unused variable `src_dir`

test_ai_provider_selection.py:20:1: E402 Module level import not at top of file
   |
19 | # Import our AI integration modules
20 | from create_python_project.utils import ai_integration
   | ^^^^^^^^^^^^^^^^^^^^^^^^^^^^^^^^^^^^^^^^^^^^^^^^^^^^^^ E402
21 |
22 | console = Console()
   |

test_ai_providers.py:23:1: E402 Module level import not at top of file
   |
22 | # Import our AI integration modules
23 | from create_python_project.utils import ai_integration, ai_prompts
   | ^^^^^^^^^^^^^^^^^^^^^^^^^^^^^^^^^^^^^^^^^^^^^^^^^^^^^^^^^^^^^^^^^^ E402
24 |
25 | console = Console()
   |

test_json_parsing.py:107:25: F841 Local variable `tech_data` is assigned to but never used
    |
105 |                     json_str = json_match.group(1)
106 |                     try:
107 |                         tech_data = json.loads(json_str)
    |                         ^^^^^^^^^ F841
108 |                         print("  âœ… Successfully parsed extracted JSON")
109 |                         parsed_successfully = True
    |
    = help: Remove assignment to unused variable `tech_data`

Found 45 errors (19 fixed, 26 remaining).
No fixes available (22 hidden fixes can be enabled with the `--unsafe-fixes` option).

mypy.....................................................................Failed
- hook id: mypy
- exit code: 1

test_json_parsing.py:78: error: "object" has no attribute "strip"  [attr-defined]
test_json_parsing.py:95: error: Argument 1 to "loads" has incompatible type "object"; expected "str | bytes | bytearray"  [arg-type]
test_json_parsing.py:100: error: No overload variant of "search" matches argument types "str", "object"  [call-overload]
test_json_parsing.py:100: note: Possible overload variants:
test_json_parsing.py:100: note:     def search(pattern: str | Pattern[str], string: str, flags: int | RegexFlag = ...) -> Match[str] | None
test_json_parsing.py:100: note:     def search(pattern: bytes | Pattern[bytes], string: Buffer, flags: int | RegexFlag = ...) -> Match[bytes] | None
src/create_python_project/utils/ai_integration.py:122: error: Incompatible types in assignment (expression has type "float", target has type "Sequence[Collection[str]]")  [assignment]
src/create_python_project/utils/ai_integration.py:126: error: Incompatible types in assignment (expression has type "int", target has type "Sequence[Collection[str]]")  [assignment]
src/create_python_project/utils/ai_integration.py:128: error: Incompatible types in assignment (expression has type "int", target has type "Sequence[Collection[str]]")  [assignment]
src/create_python_project/utils/core_project_builder.py:1039: error: Need type annotation for "commands"  [var-annotated]
test_ai_providers.py:51: error: "object" has no attribute "append"  [attr-defined]
test_ai_providers.py:56: error: "object" has no attribute "append"  [attr-defined]
test_ai_providers.py:80: error: "object" has no attribute "append"  [attr-defined]
test_ai_providers.py:85: error: "object" has no attribute "append"  [attr-defined]
test_ai_providers.py:104: error: "object" has no attribute "append"  [attr-defined]
test_ai_providers.py:109: error: "object" has no attribute "append"  [attr-defined]
test_ai_providers.py:154: error: Incompatible types in assignment (expression has type "PerplexityProvider", variable has type "DeepSeekProvider | None")  [assignment]
test_ai_providers.py:156: error: Incompatible types in assignment (expression has type "OpenAIProvider", variable has type "DeepSeekProvider | None")  [assignment]
test_ai_providers.py:158: error: Incompatible types in assignment (expression has type "GeminiProvider", variable has type "DeepSeekProvider | None")  [assignment]
test_ai_provider_selection.py:67: error: Incompatible types in assignment (expression has type "AnthropicProvider", variable has type "OpenAIProvider | None")  [assignment]
test_ai_provider_selection.py:69: error: Incompatible types in assignment (expression has type "PerplexityProvider", variable has type "OpenAIProvider | None")  [assignment]
test_ai_provider_selection.py:71: error: Incompatible types in assignment (expression has type "DeepSeekProvider", variable has type "OpenAIProvider | None")  [assignment]
test_ai_provider_selection.py:73: error: Incompatible types in assignment (expression has type "GeminiProvider", variable has type "OpenAIProvider | None")  [assignment]
Found 20 errors in 5 files (checked 13 source files)


 *  The terminal process "/usr/bin/zsh '-c', '/home/michaelnewham/Projects/create_python_project/scripts/ai_commit_workflow.sh'" terminated with exit code: 1. 
 *  Terminal will be reused by tasks, press any key to close it. 